[debug] [2022-07-14T22:59:01.382Z] ----------------------------------------------------------------------
[debug] [2022-07-14T22:59:01.385Z] Command:       C:\Program Files\nodejs\node.exe C:\Users\abeba\AppData\Roaming\npm\node_modules\firebase-tools\lib\bin\firebase.js emulators:start
[debug] [2022-07-14T22:59:01.385Z] CLI Version:   11.2.2
[debug] [2022-07-14T22:59:01.386Z] Platform:      win32
[debug] [2022-07-14T22:59:01.386Z] Node Version:  v16.15.1
[debug] [2022-07-14T22:59:01.387Z] Time:          Thu Jul 14 2022 16:59:01 GMT-0600 (Mountain Daylight Time)
[debug] [2022-07-14T22:59:01.387Z] ----------------------------------------------------------------------
[debug] 
[debug] [2022-07-14T22:59:01.477Z] > command requires scopes: ["email","openid","https://www.googleapis.com/auth/cloudplatformprojects.readonly","https://www.googleapis.com/auth/firebase","https://www.googleapis.com/auth/cloud-platform"]
[debug] [2022-07-14T22:59:01.478Z] > authorizing via signed-in user (abeba02016@gmail.com)
[info] i  emulators: Starting emulators: functions, hosting {"metadata":{"emulator":{"name":"hub"},"message":"Starting emulators: functions, hosting"}}
[debug] [2022-07-14T22:59:01.549Z] [hub] writing locator at C:\Users\abeba\AppData\Local\Temp\hub-clone-cdf20.json
[warn] !  functions: The following emulators are not running, calls to these services from the Functions emulator will affect production: auth, firestore, database, pubsub, storage {"metadata":{"emulator":{"name":"functions"},"message":"The following emulators are not running, calls to these services from the Functions emulator will affect production: \u001b[1mauth, firestore, database, pubsub, storage\u001b[22m"}}
[info] +  functions: Using node@16 from host. {"metadata":{"emulator":{"name":"functions"},"message":"Using node@16 from host."}}
[debug] [2022-07-14T22:59:01.712Z] defaultcredentials: writing to file C:\Users\abeba\AppData\Roaming\firebase\abeba02016_gmail_com_application_default_credentials.json
[debug] [2022-07-14T22:59:01.737Z] Setting GAC to C:\Users\abeba\AppData\Roaming\firebase\abeba02016_gmail_com_application_default_credentials.json {"metadata":{"emulator":{"name":"functions"},"message":"Setting GAC to C:\\Users\\abeba\\AppData\\Roaming\\firebase\\abeba02016_gmail_com_application_default_credentials.json"}}
[debug] [2022-07-14T22:59:01.743Z] >>> [apiv2][query] GET https://firebase.googleapis.com/v1beta1/projects/clone-cdf20/adminSdkConfig [none]
[debug] [2022-07-14T22:59:02.001Z] <<< [apiv2][status] GET https://firebase.googleapis.com/v1beta1/projects/clone-cdf20/adminSdkConfig 200
[debug] [2022-07-14T22:59:02.002Z] <<< [apiv2][body] GET https://firebase.googleapis.com/v1beta1/projects/clone-cdf20/adminSdkConfig {"projectId":"clone-cdf20","storageBucket":"clone-cdf20.appspot.com"}
[debug] [2022-07-14T22:59:02.065Z] >>> [apiv2][query] GET https://firebasehosting.googleapis.com/v1beta1/projects/clone-cdf20/sites 
[debug] [2022-07-14T22:59:02.381Z] <<< [apiv2][status] GET https://firebasehosting.googleapis.com/v1beta1/projects/clone-cdf20/sites 200
[debug] [2022-07-14T22:59:02.381Z] <<< [apiv2][body] GET https://firebasehosting.googleapis.com/v1beta1/projects/clone-cdf20/sites {"sites":[{"name":"projects/clone-cdf20/sites/clone-cdf20","defaultUrl":"https://clone-cdf20.web.app","appId":"1:447779195672:web:83d00583af9332972fec6d","type":"DEFAULT_SITE"}]}
[debug] [2022-07-14T22:59:02.382Z] >>> [apiv2][query] GET https://firebase.googleapis.com/v1beta1/projects/clone-cdf20/webApps/1:447779195672:web:83d00583af9332972fec6d/config [none]
[debug] [2022-07-14T22:59:02.697Z] <<< [apiv2][status] GET https://firebase.googleapis.com/v1beta1/projects/clone-cdf20/webApps/1:447779195672:web:83d00583af9332972fec6d/config 200
[debug] [2022-07-14T22:59:02.698Z] <<< [apiv2][body] GET https://firebase.googleapis.com/v1beta1/projects/clone-cdf20/webApps/1:447779195672:web:83d00583af9332972fec6d/config {"projectId":"clone-cdf20","appId":"1:447779195672:web:83d00583af9332972fec6d","storageBucket":"clone-cdf20.appspot.com","apiKey":"AIzaSyDgITzDm65_t2lQm3R3udCwEReplHP5NXw","authDomain":"clone-cdf20.firebaseapp.com","messagingSenderId":"447779195672","measurementId":"G-BPTBC64CQV"}
[info] i  hosting: Serving hosting files from: build {"metadata":{"emulator":{"name":"hosting"},"message":"Serving hosting files from: \u001b[1mbuild\u001b[22m"}}
[info] +  hosting: Local server: http://localhost:5000 {"metadata":{"emulator":{"name":"hosting"},"message":"Local server: \u001b[4m\u001b[1mhttp://localhost:5000\u001b[22m\u001b[24m"}}
[warn] !  ui: Emulator UI unable to start on port 4000, starting on 4004 instead. {"metadata":{"emulator":{"name":"ui"},"message":"Emulator UI unable to start on port 4000, starting on 4004 instead."}}
[debug] [2022-07-14T22:59:02.803Z] Ignoring unsupported arg: auto_download {"metadata":{"emulator":{"name":"ui"},"message":"Ignoring unsupported arg: auto_download"}}
[debug] [2022-07-14T22:59:02.803Z] Ignoring unsupported arg: port {"metadata":{"emulator":{"name":"ui"},"message":"Ignoring unsupported arg: port"}}
[debug] [2022-07-14T22:59:02.803Z] Starting Emulator UI with command {"binary":"node","args":["C:\\Users\\abeba\\.cache\\firebase\\emulators\\ui-v1.7.0\\server.bundle.js"],"optionalArgs":[],"joinArgs":false} {"metadata":{"emulator":{"name":"ui"},"message":"Starting Emulator UI with command {\"binary\":\"node\",\"args\":[\"C:\\\\Users\\\\abeba\\\\.cache\\\\firebase\\\\emulators\\\\ui-v1.7.0\\\\server.bundle.js\"],\"optionalArgs\":[],\"joinArgs\":false}"}}
[info] i  ui: Emulator UI logging to ui-debug.log {"metadata":{"emulator":{"name":"ui"},"message":"Emulator UI logging to \u001b[1mui-debug.log\u001b[22m"}}
[debug] [2022-07-14T22:59:03.071Z] Web / API server started at localhost:4004
 {"metadata":{"emulator":{"name":"ui"},"message":"Web / API server started at localhost:4004\n"}}
[info] i  functions: Watching "C:\Users\abeba\OneDrive\Desktop\evangadi\finalProjects\amazon-clone\functions" for Cloud Functions... {"metadata":{"emulator":{"name":"functions"},"message":"Watching \"C:\\Users\\abeba\\OneDrive\\Desktop\\evangadi\\finalProjects\\amazon-clone\\functions\" for Cloud Functions..."}}
[debug] [2022-07-14T22:59:03.104Z] Validating nodejs source
[debug] [2022-07-14T22:59:07.619Z] > [functions] package.json contents: {
  "name": "functions",
  "description": "Cloud Functions for Firebase",
  "scripts": {
    "lint": "eslint .",
    "serve": "firebase emulators:start --only functions",
    "shell": "firebase functions:shell",
    "start": "npm run shell",
    "deploy": "firebase deploy --only functions",
    "logs": "firebase functions:log"
  },
  "engines": {
    "node": "16"
  },
  "main": "index.js",
  "dependencies": {
    "cors": "^2.8.5",
    "express": "^4.18.1",
    "firebase": "^9.9.0",
    "firebase-admin": "^10.0.2",
    "firebase-functions": "^3.18.0",
    "react-stripe": "^0.1.0",
    "stripe": "^9.13.0"
  },
  "devDependencies": {
    "eslint": "^8.9.0",
    "eslint-config-google": "^0.14.0",
    "firebase-functions-test": "^0.2.0"
  },
  "private": true
}
[debug] [2022-07-14T22:59:07.619Z] Building nodejs source
[debug] [2022-07-14T22:59:07.619Z] Analyzing nodejs backend spec
[debug] [2022-07-14T22:59:07.621Z] Could not find functions.yaml. Must use http discovery
[debug] [2022-07-14T22:59:08.184Z] Serving at port 9005

[debug] [2022-07-14T22:59:08.424Z] Got response from /__/functions.yaml {"endpoints":{"api":{"platform":"gcfv1","httpsTrigger":{},"entryPoint":"api"}},"specVersion":"v1alpha1","requiredAPIs":[]}
[debug] [2022-07-14T22:59:08.438Z] shutdown requested via /__/quitquitquit

[info] +  functions[us-central1-api]: http function initialized (http://localhost:5001/clone-cdf20/us-central1/api). {"metadata":{"emulator":{"name":"functions"},"message":"\u001b[1mhttp\u001b[22m function initialized (http://localhost:5001/clone-cdf20/us-central1/api)."}}
[info] 
┌─────────────────────────────────────────────────────────────┐
│ ✔  All emulators ready! It is now safe to connect your app. │
│ i  View Emulator UI at http://localhost:4004                │
└─────────────────────────────────────────────────────────────┘

┌───────────┬────────────────┬─────────────────────────────────┐
│ Emulator  │ Host:Port      │ View in Emulator UI             │
├───────────┼────────────────┼─────────────────────────────────┤
│ Functions │ localhost:5001 │ http://localhost:4004/functions │
├───────────┼────────────────┼─────────────────────────────────┤
│ Hosting   │ localhost:5000 │ n/a                             │
└───────────┴────────────────┴─────────────────────────────────┘
  Emulator Hub running at localhost:4400
  Other reserved ports: 4500

Issues? Report them at https://github.com/firebase/firebase-tools/issues and attach the *-debug.log files.
 
[debug] [2022-07-14T23:00:11.420Z] [work-queue] {"queueLength":1,"workRunningCount":0}
[debug] [2022-07-14T23:00:11.420Z] [work-queue] {"queueLength":0,"workRunningCount":1}
[debug] [2022-07-14T23:00:11.421Z] Accepted request POST /clone-cdf20/us-central1/api/payments/create?total=9899 --> us-central1-api
[debug] [2022-07-14T23:00:11.440Z] [worker-pool] addWorker(us-central1-api) {"metadata":{"emulator":{"name":"functions"},"message":"[worker-pool] addWorker(us-central1-api)"}}
[debug] [2022-07-14T23:00:11.440Z] [worker-pool] Adding worker with key us-central1-api, total=1 {"metadata":{"emulator":{"name":"functions"},"message":"[worker-pool] Adding worker with key us-central1-api, total=1"}}
[debug] [2022-07-14T23:00:11.441Z] [worker-pool] submitWork(triggerId=us-central1-api) {"metadata":{"emulator":{"name":"functions"},"message":"[worker-pool] submitWork(triggerId=us-central1-api)"}}
[debug] [2022-07-14T23:00:11.442Z] [worker-us-central1-api-c4a7ab97-d7ac-4cf1-9ea4-67369c530d1b]: BUSY {"metadata":{"emulator":{"name":"functions"},"message":"[worker-us-central1-api-c4a7ab97-d7ac-4cf1-9ea4-67369c530d1b]: BUSY"}}
[debug] [2022-07-14T23:00:11.448Z] [work-queue] {"queueLength":1,"workRunningCount":1}
[debug] [2022-07-14T23:00:11.449Z] [work-queue] {"queueLength":0,"workRunningCount":2}
[debug] [2022-07-14T23:00:11.449Z] Accepted request POST /clone-cdf20/us-central1/api/payments/create?total=9899 --> us-central1-api
[debug] [2022-07-14T23:00:11.467Z] [worker-pool] addWorker(us-central1-api) {"metadata":{"emulator":{"name":"functions"},"message":"[worker-pool] addWorker(us-central1-api)"}}
[debug] [2022-07-14T23:00:11.468Z] [worker-pool] Adding worker with key us-central1-api, total=2 {"metadata":{"emulator":{"name":"functions"},"message":"[worker-pool] Adding worker with key us-central1-api, total=2"}}
[debug] [2022-07-14T23:00:11.468Z] [worker-pool] submitWork(triggerId=us-central1-api) {"metadata":{"emulator":{"name":"functions"},"message":"[worker-pool] submitWork(triggerId=us-central1-api)"}}
[debug] [2022-07-14T23:00:11.468Z] [worker-us-central1-api-2754d16f-8399-457e-846b-8c0204bcd2dc]: BUSY {"metadata":{"emulator":{"name":"functions"},"message":"[worker-us-central1-api-2754d16f-8399-457e-846b-8c0204bcd2dc]: BUSY"}}
[debug] [2022-07-14T23:00:14.345Z] [runtime-status] [23752] Functions runtime initialized. {"cwd":"C:\\Users\\abeba\\OneDrive\\Desktop\\evangadi\\finalProjects\\amazon-clone\\functions","node_version":"16.15.1"} {"metadata":{"emulator":{"name":"functions"},"function":{"name":"us-central1-api"},"extension":{},"message":"[runtime-status] [23752] Functions runtime initialized. {\"cwd\":\"C:\\\\Users\\\\abeba\\\\OneDrive\\\\Desktop\\\\evangadi\\\\finalProjects\\\\amazon-clone\\\\functions\",\"node_version\":\"16.15.1\"}"}}
[debug] [2022-07-14T23:00:14.348Z] [runtime-status] [23752] Disabled runtime features: undefined {"metadata":{"emulator":{"name":"functions"},"function":{"name":"us-central1-api"},"extension":{},"message":"[runtime-status] [23752] Disabled runtime features: undefined"}}
[debug] [2022-07-14T23:00:14.354Z] [runtime-status] [23752] Resolved module firebase-admin {"declared":true,"installed":true,"version":"10.3.0","resolution":"C:\\Users\\abeba\\OneDrive\\Desktop\\evangadi\\finalProjects\\amazon-clone\\functions\\node_modules\\firebase-admin\\lib\\index.js"} {"metadata":{"emulator":{"name":"functions"},"function":{"name":"us-central1-api"},"extension":{},"message":"[runtime-status] [23752] Resolved module firebase-admin {\"declared\":true,\"installed\":true,\"version\":\"10.3.0\",\"resolution\":\"C:\\\\Users\\\\abeba\\\\OneDrive\\\\Desktop\\\\evangadi\\\\finalProjects\\\\amazon-clone\\\\functions\\\\node_modules\\\\firebase-admin\\\\lib\\\\index.js\"}"}}
[debug] [2022-07-14T23:00:14.361Z] [runtime-status] [23752] Resolved module firebase-functions {"declared":true,"installed":true,"version":"3.22.0","resolution":"C:\\Users\\abeba\\OneDrive\\Desktop\\evangadi\\finalProjects\\amazon-clone\\functions\\node_modules\\firebase-functions\\lib\\index.js"} {"metadata":{"emulator":{"name":"functions"},"function":{"name":"us-central1-api"},"extension":{},"message":"[runtime-status] [23752] Resolved module firebase-functions {\"declared\":true,\"installed\":true,\"version\":\"3.22.0\",\"resolution\":\"C:\\\\Users\\\\abeba\\\\OneDrive\\\\Desktop\\\\evangadi\\\\finalProjects\\\\amazon-clone\\\\functions\\\\node_modules\\\\firebase-functions\\\\lib\\\\index.js\"}"}}
[debug] [2022-07-14T23:00:14.361Z] [runtime-status] [23752] Outgoing network have been stubbed. [{"name":"http","status":"mocked"},{"name":"http","status":"mocked"},{"name":"https","status":"mocked"},{"name":"https","status":"mocked"},{"name":"net","status":"mocked"}] {"metadata":{"emulator":{"name":"functions"},"function":{"name":"us-central1-api"},"extension":{},"message":"[runtime-status] [23752] Outgoing network have been stubbed. [{\"name\":\"http\",\"status\":\"mocked\"},{\"name\":\"http\",\"status\":\"mocked\"},{\"name\":\"https\",\"status\":\"mocked\"},{\"name\":\"https\",\"status\":\"mocked\"},{\"name\":\"net\",\"status\":\"mocked\"}]"}}
[debug] [2022-07-14T23:00:14.362Z] [runtime-status] [23752] Resolved module firebase-functions {"declared":true,"installed":true,"version":"3.22.0","resolution":"C:\\Users\\abeba\\OneDrive\\Desktop\\evangadi\\finalProjects\\amazon-clone\\functions\\node_modules\\firebase-functions\\lib\\index.js"} {"metadata":{"emulator":{"name":"functions"},"function":{"name":"us-central1-api"},"extension":{},"message":"[runtime-status] [23752] Resolved module firebase-functions {\"declared\":true,\"installed\":true,\"version\":\"3.22.0\",\"resolution\":\"C:\\\\Users\\\\abeba\\\\OneDrive\\\\Desktop\\\\evangadi\\\\finalProjects\\\\amazon-clone\\\\functions\\\\node_modules\\\\firebase-functions\\\\lib\\\\index.js\"}"}}
[debug] [2022-07-14T23:00:14.397Z] [runtime-status] [11064] Functions runtime initialized. {"cwd":"C:\\Users\\abeba\\OneDrive\\Desktop\\evangadi\\finalProjects\\amazon-clone\\functions","node_version":"16.15.1"} {"metadata":{"emulator":{"name":"functions"},"function":{"name":"us-central1-api"},"extension":{},"message":"[runtime-status] [11064] Functions runtime initialized. {\"cwd\":\"C:\\\\Users\\\\abeba\\\\OneDrive\\\\Desktop\\\\evangadi\\\\finalProjects\\\\amazon-clone\\\\functions\",\"node_version\":\"16.15.1\"}"}}
[debug] [2022-07-14T23:00:14.400Z] [runtime-status] [11064] Disabled runtime features: undefined {"metadata":{"emulator":{"name":"functions"},"function":{"name":"us-central1-api"},"extension":{},"message":"[runtime-status] [11064] Disabled runtime features: undefined"}}
[debug] [2022-07-14T23:00:14.405Z] [runtime-status] [11064] Resolved module firebase-admin {"declared":true,"installed":true,"version":"10.3.0","resolution":"C:\\Users\\abeba\\OneDrive\\Desktop\\evangadi\\finalProjects\\amazon-clone\\functions\\node_modules\\firebase-admin\\lib\\index.js"} {"metadata":{"emulator":{"name":"functions"},"function":{"name":"us-central1-api"},"extension":{},"message":"[runtime-status] [11064] Resolved module firebase-admin {\"declared\":true,\"installed\":true,\"version\":\"10.3.0\",\"resolution\":\"C:\\\\Users\\\\abeba\\\\OneDrive\\\\Desktop\\\\evangadi\\\\finalProjects\\\\amazon-clone\\\\functions\\\\node_modules\\\\firebase-admin\\\\lib\\\\index.js\"}"}}
[debug] [2022-07-14T23:00:14.409Z] [runtime-status] [11064] Resolved module firebase-functions {"declared":true,"installed":true,"version":"3.22.0","resolution":"C:\\Users\\abeba\\OneDrive\\Desktop\\evangadi\\finalProjects\\amazon-clone\\functions\\node_modules\\firebase-functions\\lib\\index.js"} {"metadata":{"emulator":{"name":"functions"},"function":{"name":"us-central1-api"},"extension":{},"message":"[runtime-status] [11064] Resolved module firebase-functions {\"declared\":true,\"installed\":true,\"version\":\"3.22.0\",\"resolution\":\"C:\\\\Users\\\\abeba\\\\OneDrive\\\\Desktop\\\\evangadi\\\\finalProjects\\\\amazon-clone\\\\functions\\\\node_modules\\\\firebase-functions\\\\lib\\\\index.js\"}"}}
[debug] [2022-07-14T23:00:14.409Z] [runtime-status] [11064] Outgoing network have been stubbed. [{"name":"http","status":"mocked"},{"name":"http","status":"mocked"},{"name":"https","status":"mocked"},{"name":"https","status":"mocked"},{"name":"net","status":"mocked"}] {"metadata":{"emulator":{"name":"functions"},"function":{"name":"us-central1-api"},"extension":{},"message":"[runtime-status] [11064] Outgoing network have been stubbed. [{\"name\":\"http\",\"status\":\"mocked\"},{\"name\":\"http\",\"status\":\"mocked\"},{\"name\":\"https\",\"status\":\"mocked\"},{\"name\":\"https\",\"status\":\"mocked\"},{\"name\":\"net\",\"status\":\"mocked\"}]"}}
[debug] [2022-07-14T23:00:14.410Z] [runtime-status] [11064] Resolved module firebase-functions {"declared":true,"installed":true,"version":"3.22.0","resolution":"C:\\Users\\abeba\\OneDrive\\Desktop\\evangadi\\finalProjects\\amazon-clone\\functions\\node_modules\\firebase-functions\\lib\\index.js"} {"metadata":{"emulator":{"name":"functions"},"function":{"name":"us-central1-api"},"extension":{},"message":"[runtime-status] [11064] Resolved module firebase-functions {\"declared\":true,\"installed\":true,\"version\":\"3.22.0\",\"resolution\":\"C:\\\\Users\\\\abeba\\\\OneDrive\\\\Desktop\\\\evangadi\\\\finalProjects\\\\amazon-clone\\\\functions\\\\node_modules\\\\firebase-functions\\\\lib\\\\index.js\"}"}}
[debug] [2022-07-14T23:00:14.455Z] [runtime-status] [23752] Checked functions.config() {"config":{}} {"metadata":{"emulator":{"name":"functions"},"function":{"name":"us-central1-api"},"extension":{},"message":"[runtime-status] [23752] Checked functions.config() {\"config\":{}}"}}
[debug] [2022-07-14T23:00:14.456Z] [runtime-status] [23752] firebase-functions has been stubbed. {"functionsResolution":{"declared":true,"installed":true,"version":"3.22.0","resolution":"C:\\Users\\abeba\\OneDrive\\Desktop\\evangadi\\finalProjects\\amazon-clone\\functions\\node_modules\\firebase-functions\\lib\\index.js"}} {"metadata":{"emulator":{"name":"functions"},"function":{"name":"us-central1-api"},"extension":{},"message":"[runtime-status] [23752] firebase-functions has been stubbed. {\"functionsResolution\":{\"declared\":true,\"installed\":true,\"version\":\"3.22.0\",\"resolution\":\"C:\\\\Users\\\\abeba\\\\OneDrive\\\\Desktop\\\\evangadi\\\\finalProjects\\\\amazon-clone\\\\functions\\\\node_modules\\\\firebase-functions\\\\lib\\\\index.js\"}}"}}
[debug] [2022-07-14T23:00:14.457Z] [runtime-status] [23752] Resolved module firebase-functions {"declared":true,"installed":true,"version":"3.22.0","resolution":"C:\\Users\\abeba\\OneDrive\\Desktop\\evangadi\\finalProjects\\amazon-clone\\functions\\node_modules\\firebase-functions\\lib\\index.js"} {"metadata":{"emulator":{"name":"functions"},"function":{"name":"us-central1-api"},"extension":{},"message":"[runtime-status] [23752] Resolved module firebase-functions {\"declared\":true,\"installed\":true,\"version\":\"3.22.0\",\"resolution\":\"C:\\\\Users\\\\abeba\\\\OneDrive\\\\Desktop\\\\evangadi\\\\finalProjects\\\\amazon-clone\\\\functions\\\\node_modules\\\\firebase-functions\\\\lib\\\\index.js\"}"}}
[debug] [2022-07-14T23:00:14.460Z] [runtime-status] [23752] Resolved module firebase-admin {"declared":true,"installed":true,"version":"10.3.0","resolution":"C:\\Users\\abeba\\OneDrive\\Desktop\\evangadi\\finalProjects\\amazon-clone\\functions\\node_modules\\firebase-admin\\lib\\index.js"} {"metadata":{"emulator":{"name":"functions"},"function":{"name":"us-central1-api"},"extension":{},"message":"[runtime-status] [23752] Resolved module firebase-admin {\"declared\":true,\"installed\":true,\"version\":\"10.3.0\",\"resolution\":\"C:\\\\Users\\\\abeba\\\\OneDrive\\\\Desktop\\\\evangadi\\\\finalProjects\\\\amazon-clone\\\\functions\\\\node_modules\\\\firebase-admin\\\\lib\\\\index.js\"}"}}
[debug] [2022-07-14T23:00:14.461Z] [runtime-status] [23752] Resolved module firebase-functions {"declared":true,"installed":true,"version":"3.22.0","resolution":"C:\\Users\\abeba\\OneDrive\\Desktop\\evangadi\\finalProjects\\amazon-clone\\functions\\node_modules\\firebase-functions\\lib\\index.js"} {"metadata":{"emulator":{"name":"functions"},"function":{"name":"us-central1-api"},"extension":{},"message":"[runtime-status] [23752] Resolved module firebase-functions {\"declared\":true,\"installed\":true,\"version\":\"3.22.0\",\"resolution\":\"C:\\\\Users\\\\abeba\\\\OneDrive\\\\Desktop\\\\evangadi\\\\finalProjects\\\\amazon-clone\\\\functions\\\\node_modules\\\\firebase-functions\\\\lib\\\\index.js\"}"}}
[debug] [2022-07-14T23:00:14.462Z] [runtime-status] [23752] firebase-admin has been stubbed. {"adminResolution":{"declared":true,"installed":true,"version":"10.3.0","resolution":"C:\\Users\\abeba\\OneDrive\\Desktop\\evangadi\\finalProjects\\amazon-clone\\functions\\node_modules\\firebase-admin\\lib\\index.js"}} {"metadata":{"emulator":{"name":"functions"},"function":{"name":"us-central1-api"},"extension":{},"message":"[runtime-status] [23752] firebase-admin has been stubbed. {\"adminResolution\":{\"declared\":true,\"installed\":true,\"version\":\"10.3.0\",\"resolution\":\"C:\\\\Users\\\\abeba\\\\OneDrive\\\\Desktop\\\\evangadi\\\\finalProjects\\\\amazon-clone\\\\functions\\\\node_modules\\\\firebase-admin\\\\lib\\\\index.js\"}}"}}
[debug] [2022-07-14T23:00:14.495Z] [runtime-status] [11064] Checked functions.config() {"config":{}} {"metadata":{"emulator":{"name":"functions"},"function":{"name":"us-central1-api"},"extension":{},"message":"[runtime-status] [11064] Checked functions.config() {\"config\":{}}"}}
[debug] [2022-07-14T23:00:14.496Z] [runtime-status] [11064] firebase-functions has been stubbed. {"functionsResolution":{"declared":true,"installed":true,"version":"3.22.0","resolution":"C:\\Users\\abeba\\OneDrive\\Desktop\\evangadi\\finalProjects\\amazon-clone\\functions\\node_modules\\firebase-functions\\lib\\index.js"}} {"metadata":{"emulator":{"name":"functions"},"function":{"name":"us-central1-api"},"extension":{},"message":"[runtime-status] [11064] firebase-functions has been stubbed. {\"functionsResolution\":{\"declared\":true,\"installed\":true,\"version\":\"3.22.0\",\"resolution\":\"C:\\\\Users\\\\abeba\\\\OneDrive\\\\Desktop\\\\evangadi\\\\finalProjects\\\\amazon-clone\\\\functions\\\\node_modules\\\\firebase-functions\\\\lib\\\\index.js\"}}"}}
[debug] [2022-07-14T23:00:14.498Z] [runtime-status] [11064] Resolved module firebase-functions {"declared":true,"installed":true,"version":"3.22.0","resolution":"C:\\Users\\abeba\\OneDrive\\Desktop\\evangadi\\finalProjects\\amazon-clone\\functions\\node_modules\\firebase-functions\\lib\\index.js"} {"metadata":{"emulator":{"name":"functions"},"function":{"name":"us-central1-api"},"extension":{},"message":"[runtime-status] [11064] Resolved module firebase-functions {\"declared\":true,\"installed\":true,\"version\":\"3.22.0\",\"resolution\":\"C:\\\\Users\\\\abeba\\\\OneDrive\\\\Desktop\\\\evangadi\\\\finalProjects\\\\amazon-clone\\\\functions\\\\node_modules\\\\firebase-functions\\\\lib\\\\index.js\"}"}}
[debug] [2022-07-14T23:00:14.500Z] [runtime-status] [11064] Resolved module firebase-admin {"declared":true,"installed":true,"version":"10.3.0","resolution":"C:\\Users\\abeba\\OneDrive\\Desktop\\evangadi\\finalProjects\\amazon-clone\\functions\\node_modules\\firebase-admin\\lib\\index.js"} {"metadata":{"emulator":{"name":"functions"},"function":{"name":"us-central1-api"},"extension":{},"message":"[runtime-status] [11064] Resolved module firebase-admin {\"declared\":true,\"installed\":true,\"version\":\"10.3.0\",\"resolution\":\"C:\\\\Users\\\\abeba\\\\OneDrive\\\\Desktop\\\\evangadi\\\\finalProjects\\\\amazon-clone\\\\functions\\\\node_modules\\\\firebase-admin\\\\lib\\\\index.js\"}"}}
[debug] [2022-07-14T23:00:14.502Z] [runtime-status] [11064] Resolved module firebase-functions {"declared":true,"installed":true,"version":"3.22.0","resolution":"C:\\Users\\abeba\\OneDrive\\Desktop\\evangadi\\finalProjects\\amazon-clone\\functions\\node_modules\\firebase-functions\\lib\\index.js"} {"metadata":{"emulator":{"name":"functions"},"function":{"name":"us-central1-api"},"extension":{},"message":"[runtime-status] [11064] Resolved module firebase-functions {\"declared\":true,\"installed\":true,\"version\":\"3.22.0\",\"resolution\":\"C:\\\\Users\\\\abeba\\\\OneDrive\\\\Desktop\\\\evangadi\\\\finalProjects\\\\amazon-clone\\\\functions\\\\node_modules\\\\firebase-functions\\\\lib\\\\index.js\"}"}}
[debug] [2022-07-14T23:00:14.502Z] [runtime-status] [11064] firebase-admin has been stubbed. {"adminResolution":{"declared":true,"installed":true,"version":"10.3.0","resolution":"C:\\Users\\abeba\\OneDrive\\Desktop\\evangadi\\finalProjects\\amazon-clone\\functions\\node_modules\\firebase-admin\\lib\\index.js"}} {"metadata":{"emulator":{"name":"functions"},"function":{"name":"us-central1-api"},"extension":{},"message":"[runtime-status] [11064] firebase-admin has been stubbed. {\"adminResolution\":{\"declared\":true,\"installed\":true,\"version\":\"10.3.0\",\"resolution\":\"C:\\\\Users\\\\abeba\\\\OneDrive\\\\Desktop\\\\evangadi\\\\finalProjects\\\\amazon-clone\\\\functions\\\\node_modules\\\\firebase-admin\\\\lib\\\\index.js\"}}"}}
[debug] [2022-07-14T23:00:14.825Z] [runtime-status] [23752] Beginning invocation function api! {"metadata":{"emulator":{"name":"functions"},"function":{"name":"us-central1-api"},"extension":{},"message":"[runtime-status] [23752] Beginning invocation function api!"}}
[info] i  functions: Beginning execution of "api" {"metadata":{"emulator":{"name":"functions"},"function":{"name":"us-central1-api"},"extension":{},"message":"Beginning execution of \"api\""}}
[debug] [2022-07-14T23:00:14.827Z] [runtime-status] [23752] Running api in signature http {"metadata":{"emulator":{"name":"functions"},"function":{"name":"us-central1-api"},"extension":{},"message":"[runtime-status] [23752] Running api in signature http"}}
[debug] [2022-07-14T23:00:14.832Z] [runtime-status] [23752] Attempting to listen to port: \\?\pipe\fire_emu_be7a545b0ee64af9 {"metadata":{"emulator":{"name":"functions"},"function":{"name":"us-central1-api"},"extension":{},"message":"[runtime-status] [23752] Attempting to listen to port: \\\\?\\pipe\\fire_emu_be7a545b0ee64af9"}}
[debug] [2022-07-14T23:00:14.837Z] [runtime-status] [23752] Listening to port: \\?\pipe\fire_emu_be7a545b0ee64af9 {"metadata":{"emulator":{"name":"functions"},"function":{"name":"us-central1-api"},"extension":{},"message":"[runtime-status] [23752] Listening to port: \\\\?\\pipe\\fire_emu_be7a545b0ee64af9"}}
[debug] [2022-07-14T23:00:14.841Z] [functions] Runtime ready! Sending request! {"metadata":{"emulator":{"name":"functions"},"message":"[functions] Runtime ready! Sending request!"}}
[debug] [2022-07-14T23:00:14.842Z] [functions] Got req.url=/clone-cdf20/us-central1/api/payments/create?total=9899, mapping to path=/payments/create?total=9899 {"metadata":{"emulator":{"name":"functions"},"message":"[functions] Got req.url=/clone-cdf20/us-central1/api/payments/create?total=9899, mapping to path=/payments/create?total=9899"}}
[debug] [2022-07-14T23:00:14.856Z] [runtime-status] [23752] Ephemeral server handling POST request {"metadata":{"emulator":{"name":"functions"},"function":{"name":"us-central1-api"},"extension":{},"message":"[runtime-status] [23752] Ephemeral server handling POST request"}}
[info] >  Payment Request Recieved for this amount >>>  9899 {"user":"Payment Request Recieved for this amount >>>  9899","metadata":{"emulator":{"name":"functions"},"function":{"name":"us-central1-api"},"extension":{},"message":"\u001b[90m> \u001b[39m Payment Request Recieved for this amount >>>  9899"}}
[debug] [2022-07-14T23:00:14.882Z] [runtime-status] [23752] Ephemeral server survived. {"metadata":{"emulator":{"name":"functions"},"function":{"name":"us-central1-api"},"extension":{},"message":"[runtime-status] [23752] Ephemeral server survived."}}
[debug] [2022-07-14T23:00:14.915Z] [runtime-status] [11064] Beginning invocation function api! {"metadata":{"emulator":{"name":"functions"},"function":{"name":"us-central1-api"},"extension":{},"message":"[runtime-status] [11064] Beginning invocation function api!"}}
[info] i  functions: Beginning execution of "api" {"metadata":{"emulator":{"name":"functions"},"function":{"name":"us-central1-api"},"extension":{},"message":"Beginning execution of \"api\""}}
[debug] [2022-07-14T23:00:14.916Z] [runtime-status] [11064] Running api in signature http {"metadata":{"emulator":{"name":"functions"},"function":{"name":"us-central1-api"},"extension":{},"message":"[runtime-status] [11064] Running api in signature http"}}
[debug] [2022-07-14T23:00:14.927Z] [runtime-status] [11064] Attempting to listen to port: \\?\pipe\fire_emu_5979deb66ecf94bc {"metadata":{"emulator":{"name":"functions"},"function":{"name":"us-central1-api"},"extension":{},"message":"[runtime-status] [11064] Attempting to listen to port: \\\\?\\pipe\\fire_emu_5979deb66ecf94bc"}}
[debug] [2022-07-14T23:00:14.931Z] [runtime-status] [11064] Listening to port: \\?\pipe\fire_emu_5979deb66ecf94bc {"metadata":{"emulator":{"name":"functions"},"function":{"name":"us-central1-api"},"extension":{},"message":"[runtime-status] [11064] Listening to port: \\\\?\\pipe\\fire_emu_5979deb66ecf94bc"}}
[debug] [2022-07-14T23:00:14.934Z] [functions] Runtime ready! Sending request! {"metadata":{"emulator":{"name":"functions"},"message":"[functions] Runtime ready! Sending request!"}}
[debug] [2022-07-14T23:00:14.934Z] [functions] Got req.url=/clone-cdf20/us-central1/api/payments/create?total=9899, mapping to path=/payments/create?total=9899 {"metadata":{"emulator":{"name":"functions"},"message":"[functions] Got req.url=/clone-cdf20/us-central1/api/payments/create?total=9899, mapping to path=/payments/create?total=9899"}}
[debug] [2022-07-14T23:00:14.949Z] [runtime-status] [11064] Ephemeral server handling POST request {"metadata":{"emulator":{"name":"functions"},"function":{"name":"us-central1-api"},"extension":{},"message":"[runtime-status] [11064] Ephemeral server handling POST request"}}
[info] >  Payment Request Recieved for this amount >>>  9899 {"user":"Payment Request Recieved for this amount >>>  9899","metadata":{"emulator":{"name":"functions"},"function":{"name":"us-central1-api"},"extension":{},"message":"\u001b[90m> \u001b[39m Payment Request Recieved for this amount >>>  9899"}}
[debug] [2022-07-14T23:00:14.974Z] [runtime-status] [11064] Ephemeral server survived. {"metadata":{"emulator":{"name":"functions"},"function":{"name":"us-central1-api"},"extension":{},"message":"[runtime-status] [11064] Ephemeral server survived."}}
[info] i  functions: Finished "api" in ~1s {"metadata":{"emulator":{"name":"functions"},"function":{"name":"us-central1-api"},"extension":{},"message":"Finished \"api\" in ~1s"}}
[debug] [2022-07-14T23:00:15.483Z] [worker-us-central1-api-c4a7ab97-d7ac-4cf1-9ea4-67369c530d1b]: IDLE {"metadata":{"emulator":{"name":"functions"},"message":"[worker-us-central1-api-c4a7ab97-d7ac-4cf1-9ea4-67369c530d1b]: IDLE"}}
[debug] [2022-07-14T23:00:15.483Z] [work-queue] {"queueLength":0,"workRunningCount":1}
[info] i  functions: Finished "api" in ~1s {"metadata":{"emulator":{"name":"functions"},"function":{"name":"us-central1-api"},"extension":{},"message":"Finished \"api\" in ~1s"}}
[debug] [2022-07-14T23:00:15.489Z] [worker-us-central1-api-2754d16f-8399-457e-846b-8c0204bcd2dc]: IDLE {"metadata":{"emulator":{"name":"functions"},"message":"[worker-us-central1-api-2754d16f-8399-457e-846b-8c0204bcd2dc]: IDLE"}}
[debug] [2022-07-14T23:00:15.489Z] [work-queue] {"queueLength":0,"workRunningCount":0}
[debug] [2022-07-14T23:09:02.291Z] ----------------------------------------------------------------------
[debug] [2022-07-14T23:09:02.293Z] Command:       C:\Program Files\nodejs\node.exe C:\Users\abeba\AppData\Roaming\npm\node_modules\firebase-tools\lib\bin\firebase.js emulators:start
[debug] [2022-07-14T23:09:02.294Z] CLI Version:   11.2.2
[debug] [2022-07-14T23:09:02.294Z] Platform:      win32
[debug] [2022-07-14T23:09:02.294Z] Node Version:  v16.15.1
[debug] [2022-07-14T23:09:02.294Z] Time:          Thu Jul 14 2022 17:09:02 GMT-0600 (Mountain Daylight Time)
[debug] [2022-07-14T23:09:02.295Z] ----------------------------------------------------------------------
[debug] 
[debug] [2022-07-14T23:09:02.372Z] > command requires scopes: ["email","openid","https://www.googleapis.com/auth/cloudplatformprojects.readonly","https://www.googleapis.com/auth/firebase","https://www.googleapis.com/auth/cloud-platform"]
[debug] [2022-07-14T23:09:02.373Z] > authorizing via signed-in user (abeba02016@gmail.com)
[info] i  emulators: Starting emulators: functions, hosting {"metadata":{"emulator":{"name":"hub"},"message":"Starting emulators: functions, hosting"}}
[warn] !  emulators: It seems that you are running multiple instances of the emulator suite for project clone-cdf20. This may result in unexpected behavior. 
[debug] [2022-07-14T23:09:02.437Z] [hub] writing locator at C:\Users\abeba\AppData\Local\Temp\hub-clone-cdf20.json
[warn] !  functions: The following emulators are not running, calls to these services from the Functions emulator will affect production: auth, firestore, database, pubsub, storage {"metadata":{"emulator":{"name":"functions"},"message":"The following emulators are not running, calls to these services from the Functions emulator will affect production: \u001b[1mauth, firestore, database, pubsub, storage\u001b[22m"}}
[info] +  functions: Using node@16 from host. {"metadata":{"emulator":{"name":"functions"},"message":"Using node@16 from host."}}
[debug] [2022-07-14T23:09:02.516Z] defaultcredentials: writing to file C:\Users\abeba\AppData\Roaming\firebase\abeba02016_gmail_com_application_default_credentials.json
[debug] [2022-07-14T23:09:02.520Z] Setting GAC to C:\Users\abeba\AppData\Roaming\firebase\abeba02016_gmail_com_application_default_credentials.json {"metadata":{"emulator":{"name":"functions"},"message":"Setting GAC to C:\\Users\\abeba\\AppData\\Roaming\\firebase\\abeba02016_gmail_com_application_default_credentials.json"}}
[debug] [2022-07-14T23:09:02.524Z] >>> [apiv2][query] GET https://firebase.googleapis.com/v1beta1/projects/clone-cdf20/adminSdkConfig [none]
[debug] [2022-07-14T23:09:02.721Z] <<< [apiv2][status] GET https://firebase.googleapis.com/v1beta1/projects/clone-cdf20/adminSdkConfig 200
[debug] [2022-07-14T23:09:02.721Z] <<< [apiv2][body] GET https://firebase.googleapis.com/v1beta1/projects/clone-cdf20/adminSdkConfig {"projectId":"clone-cdf20","storageBucket":"clone-cdf20.appspot.com"}
[debug] [2022-07-14T23:09:02.734Z] >>> [apiv2][query] GET https://firebasehosting.googleapis.com/v1beta1/projects/clone-cdf20/sites 
[debug] [2022-07-14T23:09:03.006Z] <<< [apiv2][status] GET https://firebasehosting.googleapis.com/v1beta1/projects/clone-cdf20/sites 200
[debug] [2022-07-14T23:09:03.006Z] <<< [apiv2][body] GET https://firebasehosting.googleapis.com/v1beta1/projects/clone-cdf20/sites {"sites":[{"name":"projects/clone-cdf20/sites/clone-cdf20","defaultUrl":"https://clone-cdf20.web.app","appId":"1:447779195672:web:83d00583af9332972fec6d","type":"DEFAULT_SITE"}]}
[debug] [2022-07-14T23:09:03.006Z] >>> [apiv2][query] GET https://firebase.googleapis.com/v1beta1/projects/clone-cdf20/webApps/1:447779195672:web:83d00583af9332972fec6d/config [none]
[debug] [2022-07-14T23:09:03.308Z] <<< [apiv2][status] GET https://firebase.googleapis.com/v1beta1/projects/clone-cdf20/webApps/1:447779195672:web:83d00583af9332972fec6d/config 200
[debug] [2022-07-14T23:09:03.308Z] <<< [apiv2][body] GET https://firebase.googleapis.com/v1beta1/projects/clone-cdf20/webApps/1:447779195672:web:83d00583af9332972fec6d/config {"projectId":"clone-cdf20","appId":"1:447779195672:web:83d00583af9332972fec6d","storageBucket":"clone-cdf20.appspot.com","apiKey":"AIzaSyDgITzDm65_t2lQm3R3udCwEReplHP5NXw","authDomain":"clone-cdf20.firebaseapp.com","messagingSenderId":"447779195672","measurementId":"G-BPTBC64CQV"}
[info] i  hosting: Serving hosting files from: build {"metadata":{"emulator":{"name":"hosting"},"message":"Serving hosting files from: \u001b[1mbuild\u001b[22m"}}
[info] +  hosting: Local server: http://localhost:5000 {"metadata":{"emulator":{"name":"hosting"},"message":"Local server: \u001b[4m\u001b[1mhttp://localhost:5000\u001b[22m\u001b[24m"}}
[warn] !  ui: Emulator UI unable to start on port 4000, starting on 4005 instead. {"metadata":{"emulator":{"name":"ui"},"message":"Emulator UI unable to start on port 4000, starting on 4005 instead."}}
[debug] [2022-07-14T23:09:03.360Z] Ignoring unsupported arg: auto_download {"metadata":{"emulator":{"name":"ui"},"message":"Ignoring unsupported arg: auto_download"}}
[debug] [2022-07-14T23:09:03.360Z] Ignoring unsupported arg: port {"metadata":{"emulator":{"name":"ui"},"message":"Ignoring unsupported arg: port"}}
[debug] [2022-07-14T23:09:03.360Z] Starting Emulator UI with command {"binary":"node","args":["C:\\Users\\abeba\\.cache\\firebase\\emulators\\ui-v1.7.0\\server.bundle.js"],"optionalArgs":[],"joinArgs":false} {"metadata":{"emulator":{"name":"ui"},"message":"Starting Emulator UI with command {\"binary\":\"node\",\"args\":[\"C:\\\\Users\\\\abeba\\\\.cache\\\\firebase\\\\emulators\\\\ui-v1.7.0\\\\server.bundle.js\"],\"optionalArgs\":[],\"joinArgs\":false}"}}
[info] i  ui: Emulator UI logging to ui-debug.log {"metadata":{"emulator":{"name":"ui"},"message":"Emulator UI logging to \u001b[1mui-debug.log\u001b[22m"}}
[debug] [2022-07-14T23:09:03.502Z] Web / API server started at localhost:4005
 {"metadata":{"emulator":{"name":"ui"},"message":"Web / API server started at localhost:4005\n"}}
[info] i  functions: Watching "C:\Users\abeba\OneDrive\Desktop\evangadi\finalProjects\amazon-clone\functions" for Cloud Functions... {"metadata":{"emulator":{"name":"functions"},"message":"Watching \"C:\\Users\\abeba\\OneDrive\\Desktop\\evangadi\\finalProjects\\amazon-clone\\functions\" for Cloud Functions..."}}
[debug] [2022-07-14T23:09:03.649Z] Validating nodejs source
[debug] [2022-07-14T23:09:07.133Z] > [functions] package.json contents: {
  "name": "functions",
  "description": "Cloud Functions for Firebase",
  "scripts": {
    "lint": "eslint .",
    "serve": "firebase emulators:start --only functions",
    "shell": "firebase functions:shell",
    "start": "npm run shell",
    "deploy": "firebase deploy --only functions",
    "logs": "firebase functions:log"
  },
  "engines": {
    "node": "16"
  },
  "main": "index.js",
  "dependencies": {
    "cors": "^2.8.5",
    "express": "^4.18.1",
    "firebase": "^9.9.0",
    "firebase-admin": "^10.0.2",
    "firebase-functions": "^3.18.0",
    "react-stripe": "^0.1.0",
    "stripe": "^9.13.0"
  },
  "devDependencies": {
    "eslint": "^8.9.0",
    "eslint-config-google": "^0.14.0",
    "firebase-functions-test": "^0.2.0"
  },
  "private": true
}
[debug] [2022-07-14T23:09:07.133Z] Building nodejs source
[debug] [2022-07-14T23:09:07.133Z] Analyzing nodejs backend spec
[debug] [2022-07-14T23:09:07.135Z] Could not find functions.yaml. Must use http discovery
[debug] [2022-07-14T23:09:07.546Z] Serving at port 9005

[debug] [2022-07-14T23:09:07.846Z] Got response from /__/functions.yaml {"endpoints":{"api":{"platform":"gcfv1","httpsTrigger":{},"entryPoint":"api"}},"specVersion":"v1alpha1","requiredAPIs":[]}
[debug] [2022-07-14T23:09:07.862Z] shutdown requested via /__/quitquitquit

[info] +  functions[us-central1-api]: http function initialized (http://localhost:5001/clone-cdf20/us-central1/api). {"metadata":{"emulator":{"name":"functions"},"message":"\u001b[1mhttp\u001b[22m function initialized (http://localhost:5001/clone-cdf20/us-central1/api)."}}
[info] 
┌─────────────────────────────────────────────────────────────┐
│ ✔  All emulators ready! It is now safe to connect your app. │
│ i  View Emulator UI at http://localhost:4005                │
└─────────────────────────────────────────────────────────────┘

┌───────────┬────────────────┬─────────────────────────────────┐
│ Emulator  │ Host:Port      │ View in Emulator UI             │
├───────────┼────────────────┼─────────────────────────────────┤
│ Functions │ localhost:5001 │ http://localhost:4005/functions │
├───────────┼────────────────┼─────────────────────────────────┤
│ Hosting   │ localhost:5000 │ n/a                             │
└───────────┴────────────────┴─────────────────────────────────┘
  Emulator Hub running at localhost:4400
  Other reserved ports: 4500

Issues? Report them at https://github.com/firebase/firebase-tools/issues and attach the *-debug.log files.
 
[debug] [2022-07-14T23:09:20.895Z] [work-queue] {"queueLength":1,"workRunningCount":0}
[debug] [2022-07-14T23:09:20.896Z] [work-queue] {"queueLength":0,"workRunningCount":1}
[debug] [2022-07-14T23:09:20.896Z] Accepted request POST /clone-cdf20/us-central1/api/payments/create?total=139900 --> us-central1-api
[debug] [2022-07-14T23:09:20.916Z] [worker-pool] addWorker(us-central1-api) {"metadata":{"emulator":{"name":"functions"},"message":"[worker-pool] addWorker(us-central1-api)"}}
[debug] [2022-07-14T23:09:20.916Z] [worker-pool] Adding worker with key us-central1-api, total=1 {"metadata":{"emulator":{"name":"functions"},"message":"[worker-pool] Adding worker with key us-central1-api, total=1"}}
[debug] [2022-07-14T23:09:20.917Z] [worker-pool] submitWork(triggerId=us-central1-api) {"metadata":{"emulator":{"name":"functions"},"message":"[worker-pool] submitWork(triggerId=us-central1-api)"}}
[debug] [2022-07-14T23:09:20.917Z] [worker-us-central1-api-041f0d8f-472b-43ba-b33d-d6fac713e0a8]: BUSY {"metadata":{"emulator":{"name":"functions"},"message":"[worker-us-central1-api-041f0d8f-472b-43ba-b33d-d6fac713e0a8]: BUSY"}}
[debug] [2022-07-14T23:09:20.920Z] [work-queue] {"queueLength":1,"workRunningCount":1}
[debug] [2022-07-14T23:09:20.923Z] [work-queue] {"queueLength":0,"workRunningCount":2}
[debug] [2022-07-14T23:09:20.923Z] Accepted request POST /clone-cdf20/us-central1/api/payments/create?total=139900 --> us-central1-api
[debug] [2022-07-14T23:09:20.935Z] [worker-pool] addWorker(us-central1-api) {"metadata":{"emulator":{"name":"functions"},"message":"[worker-pool] addWorker(us-central1-api)"}}
[debug] [2022-07-14T23:09:20.935Z] [worker-pool] Adding worker with key us-central1-api, total=2 {"metadata":{"emulator":{"name":"functions"},"message":"[worker-pool] Adding worker with key us-central1-api, total=2"}}
[debug] [2022-07-14T23:09:20.936Z] [worker-pool] submitWork(triggerId=us-central1-api) {"metadata":{"emulator":{"name":"functions"},"message":"[worker-pool] submitWork(triggerId=us-central1-api)"}}
[debug] [2022-07-14T23:09:20.936Z] [worker-us-central1-api-d35e8c33-9097-41f6-86e0-59f652ee0879]: BUSY {"metadata":{"emulator":{"name":"functions"},"message":"[worker-us-central1-api-d35e8c33-9097-41f6-86e0-59f652ee0879]: BUSY"}}
[debug] [2022-07-14T23:09:23.650Z] [runtime-status] [20244] Functions runtime initialized. {"cwd":"C:\\Users\\abeba\\OneDrive\\Desktop\\evangadi\\finalProjects\\amazon-clone\\functions","node_version":"16.15.1"} {"metadata":{"emulator":{"name":"functions"},"function":{"name":"us-central1-api"},"extension":{},"message":"[runtime-status] [20244] Functions runtime initialized. {\"cwd\":\"C:\\\\Users\\\\abeba\\\\OneDrive\\\\Desktop\\\\evangadi\\\\finalProjects\\\\amazon-clone\\\\functions\",\"node_version\":\"16.15.1\"}"}}
[debug] [2022-07-14T23:09:23.651Z] [runtime-status] [20244] Disabled runtime features: undefined {"metadata":{"emulator":{"name":"functions"},"function":{"name":"us-central1-api"},"extension":{},"message":"[runtime-status] [20244] Disabled runtime features: undefined"}}
[debug] [2022-07-14T23:09:23.655Z] [runtime-status] [20244] Resolved module firebase-admin {"declared":true,"installed":true,"version":"10.3.0","resolution":"C:\\Users\\abeba\\OneDrive\\Desktop\\evangadi\\finalProjects\\amazon-clone\\functions\\node_modules\\firebase-admin\\lib\\index.js"} {"metadata":{"emulator":{"name":"functions"},"function":{"name":"us-central1-api"},"extension":{},"message":"[runtime-status] [20244] Resolved module firebase-admin {\"declared\":true,\"installed\":true,\"version\":\"10.3.0\",\"resolution\":\"C:\\\\Users\\\\abeba\\\\OneDrive\\\\Desktop\\\\evangadi\\\\finalProjects\\\\amazon-clone\\\\functions\\\\node_modules\\\\firebase-admin\\\\lib\\\\index.js\"}"}}
[debug] [2022-07-14T23:09:23.657Z] [runtime-status] [20244] Resolved module firebase-functions {"declared":true,"installed":true,"version":"3.22.0","resolution":"C:\\Users\\abeba\\OneDrive\\Desktop\\evangadi\\finalProjects\\amazon-clone\\functions\\node_modules\\firebase-functions\\lib\\index.js"} {"metadata":{"emulator":{"name":"functions"},"function":{"name":"us-central1-api"},"extension":{},"message":"[runtime-status] [20244] Resolved module firebase-functions {\"declared\":true,\"installed\":true,\"version\":\"3.22.0\",\"resolution\":\"C:\\\\Users\\\\abeba\\\\OneDrive\\\\Desktop\\\\evangadi\\\\finalProjects\\\\amazon-clone\\\\functions\\\\node_modules\\\\firebase-functions\\\\lib\\\\index.js\"}"}}
[debug] [2022-07-14T23:09:23.658Z] [runtime-status] [20244] Outgoing network have been stubbed. [{"name":"http","status":"mocked"},{"name":"http","status":"mocked"},{"name":"https","status":"mocked"},{"name":"https","status":"mocked"},{"name":"net","status":"mocked"}] {"metadata":{"emulator":{"name":"functions"},"function":{"name":"us-central1-api"},"extension":{},"message":"[runtime-status] [20244] Outgoing network have been stubbed. [{\"name\":\"http\",\"status\":\"mocked\"},{\"name\":\"http\",\"status\":\"mocked\"},{\"name\":\"https\",\"status\":\"mocked\"},{\"name\":\"https\",\"status\":\"mocked\"},{\"name\":\"net\",\"status\":\"mocked\"}]"}}
[debug] [2022-07-14T23:09:23.659Z] [runtime-status] [20244] Resolved module firebase-functions {"declared":true,"installed":true,"version":"3.22.0","resolution":"C:\\Users\\abeba\\OneDrive\\Desktop\\evangadi\\finalProjects\\amazon-clone\\functions\\node_modules\\firebase-functions\\lib\\index.js"} {"metadata":{"emulator":{"name":"functions"},"function":{"name":"us-central1-api"},"extension":{},"message":"[runtime-status] [20244] Resolved module firebase-functions {\"declared\":true,\"installed\":true,\"version\":\"3.22.0\",\"resolution\":\"C:\\\\Users\\\\abeba\\\\OneDrive\\\\Desktop\\\\evangadi\\\\finalProjects\\\\amazon-clone\\\\functions\\\\node_modules\\\\firebase-functions\\\\lib\\\\index.js\"}"}}
[debug] [2022-07-14T23:09:23.678Z] [runtime-status] [20904] Functions runtime initialized. {"cwd":"C:\\Users\\abeba\\OneDrive\\Desktop\\evangadi\\finalProjects\\amazon-clone\\functions","node_version":"16.15.1"} {"metadata":{"emulator":{"name":"functions"},"function":{"name":"us-central1-api"},"extension":{},"message":"[runtime-status] [20904] Functions runtime initialized. {\"cwd\":\"C:\\\\Users\\\\abeba\\\\OneDrive\\\\Desktop\\\\evangadi\\\\finalProjects\\\\amazon-clone\\\\functions\",\"node_version\":\"16.15.1\"}"}}
[debug] [2022-07-14T23:09:23.680Z] [runtime-status] [20904] Disabled runtime features: undefined {"metadata":{"emulator":{"name":"functions"},"function":{"name":"us-central1-api"},"extension":{},"message":"[runtime-status] [20904] Disabled runtime features: undefined"}}
[debug] [2022-07-14T23:09:23.684Z] [runtime-status] [20904] Resolved module firebase-admin {"declared":true,"installed":true,"version":"10.3.0","resolution":"C:\\Users\\abeba\\OneDrive\\Desktop\\evangadi\\finalProjects\\amazon-clone\\functions\\node_modules\\firebase-admin\\lib\\index.js"} {"metadata":{"emulator":{"name":"functions"},"function":{"name":"us-central1-api"},"extension":{},"message":"[runtime-status] [20904] Resolved module firebase-admin {\"declared\":true,\"installed\":true,\"version\":\"10.3.0\",\"resolution\":\"C:\\\\Users\\\\abeba\\\\OneDrive\\\\Desktop\\\\evangadi\\\\finalProjects\\\\amazon-clone\\\\functions\\\\node_modules\\\\firebase-admin\\\\lib\\\\index.js\"}"}}
[debug] [2022-07-14T23:09:23.686Z] [runtime-status] [20904] Resolved module firebase-functions {"declared":true,"installed":true,"version":"3.22.0","resolution":"C:\\Users\\abeba\\OneDrive\\Desktop\\evangadi\\finalProjects\\amazon-clone\\functions\\node_modules\\firebase-functions\\lib\\index.js"} {"metadata":{"emulator":{"name":"functions"},"function":{"name":"us-central1-api"},"extension":{},"message":"[runtime-status] [20904] Resolved module firebase-functions {\"declared\":true,\"installed\":true,\"version\":\"3.22.0\",\"resolution\":\"C:\\\\Users\\\\abeba\\\\OneDrive\\\\Desktop\\\\evangadi\\\\finalProjects\\\\amazon-clone\\\\functions\\\\node_modules\\\\firebase-functions\\\\lib\\\\index.js\"}"}}
[debug] [2022-07-14T23:09:23.687Z] [runtime-status] [20904] Outgoing network have been stubbed. [{"name":"http","status":"mocked"},{"name":"http","status":"mocked"},{"name":"https","status":"mocked"},{"name":"https","status":"mocked"},{"name":"net","status":"mocked"}] {"metadata":{"emulator":{"name":"functions"},"function":{"name":"us-central1-api"},"extension":{},"message":"[runtime-status] [20904] Outgoing network have been stubbed. [{\"name\":\"http\",\"status\":\"mocked\"},{\"name\":\"http\",\"status\":\"mocked\"},{\"name\":\"https\",\"status\":\"mocked\"},{\"name\":\"https\",\"status\":\"mocked\"},{\"name\":\"net\",\"status\":\"mocked\"}]"}}
[debug] [2022-07-14T23:09:23.688Z] [runtime-status] [20904] Resolved module firebase-functions {"declared":true,"installed":true,"version":"3.22.0","resolution":"C:\\Users\\abeba\\OneDrive\\Desktop\\evangadi\\finalProjects\\amazon-clone\\functions\\node_modules\\firebase-functions\\lib\\index.js"} {"metadata":{"emulator":{"name":"functions"},"function":{"name":"us-central1-api"},"extension":{},"message":"[runtime-status] [20904] Resolved module firebase-functions {\"declared\":true,\"installed\":true,\"version\":\"3.22.0\",\"resolution\":\"C:\\\\Users\\\\abeba\\\\OneDrive\\\\Desktop\\\\evangadi\\\\finalProjects\\\\amazon-clone\\\\functions\\\\node_modules\\\\firebase-functions\\\\lib\\\\index.js\"}"}}
[debug] [2022-07-14T23:09:23.717Z] [runtime-status] [20244] Checked functions.config() {"config":{}} {"metadata":{"emulator":{"name":"functions"},"function":{"name":"us-central1-api"},"extension":{},"message":"[runtime-status] [20244] Checked functions.config() {\"config\":{}}"}}
[debug] [2022-07-14T23:09:23.718Z] [runtime-status] [20244] firebase-functions has been stubbed. {"functionsResolution":{"declared":true,"installed":true,"version":"3.22.0","resolution":"C:\\Users\\abeba\\OneDrive\\Desktop\\evangadi\\finalProjects\\amazon-clone\\functions\\node_modules\\firebase-functions\\lib\\index.js"}} {"metadata":{"emulator":{"name":"functions"},"function":{"name":"us-central1-api"},"extension":{},"message":"[runtime-status] [20244] firebase-functions has been stubbed. {\"functionsResolution\":{\"declared\":true,\"installed\":true,\"version\":\"3.22.0\",\"resolution\":\"C:\\\\Users\\\\abeba\\\\OneDrive\\\\Desktop\\\\evangadi\\\\finalProjects\\\\amazon-clone\\\\functions\\\\node_modules\\\\firebase-functions\\\\lib\\\\index.js\"}}"}}
[debug] [2022-07-14T23:09:23.719Z] [runtime-status] [20244] Resolved module firebase-functions {"declared":true,"installed":true,"version":"3.22.0","resolution":"C:\\Users\\abeba\\OneDrive\\Desktop\\evangadi\\finalProjects\\amazon-clone\\functions\\node_modules\\firebase-functions\\lib\\index.js"} {"metadata":{"emulator":{"name":"functions"},"function":{"name":"us-central1-api"},"extension":{},"message":"[runtime-status] [20244] Resolved module firebase-functions {\"declared\":true,\"installed\":true,\"version\":\"3.22.0\",\"resolution\":\"C:\\\\Users\\\\abeba\\\\OneDrive\\\\Desktop\\\\evangadi\\\\finalProjects\\\\amazon-clone\\\\functions\\\\node_modules\\\\firebase-functions\\\\lib\\\\index.js\"}"}}
[debug] [2022-07-14T23:09:23.723Z] [runtime-status] [20244] Resolved module firebase-admin {"declared":true,"installed":true,"version":"10.3.0","resolution":"C:\\Users\\abeba\\OneDrive\\Desktop\\evangadi\\finalProjects\\amazon-clone\\functions\\node_modules\\firebase-admin\\lib\\index.js"} {"metadata":{"emulator":{"name":"functions"},"function":{"name":"us-central1-api"},"extension":{},"message":"[runtime-status] [20244] Resolved module firebase-admin {\"declared\":true,\"installed\":true,\"version\":\"10.3.0\",\"resolution\":\"C:\\\\Users\\\\abeba\\\\OneDrive\\\\Desktop\\\\evangadi\\\\finalProjects\\\\amazon-clone\\\\functions\\\\node_modules\\\\firebase-admin\\\\lib\\\\index.js\"}"}}
[debug] [2022-07-14T23:09:23.725Z] [runtime-status] [20244] Resolved module firebase-functions {"declared":true,"installed":true,"version":"3.22.0","resolution":"C:\\Users\\abeba\\OneDrive\\Desktop\\evangadi\\finalProjects\\amazon-clone\\functions\\node_modules\\firebase-functions\\lib\\index.js"} {"metadata":{"emulator":{"name":"functions"},"function":{"name":"us-central1-api"},"extension":{},"message":"[runtime-status] [20244] Resolved module firebase-functions {\"declared\":true,\"installed\":true,\"version\":\"3.22.0\",\"resolution\":\"C:\\\\Users\\\\abeba\\\\OneDrive\\\\Desktop\\\\evangadi\\\\finalProjects\\\\amazon-clone\\\\functions\\\\node_modules\\\\firebase-functions\\\\lib\\\\index.js\"}"}}
[debug] [2022-07-14T23:09:23.726Z] [runtime-status] [20244] firebase-admin has been stubbed. {"adminResolution":{"declared":true,"installed":true,"version":"10.3.0","resolution":"C:\\Users\\abeba\\OneDrive\\Desktop\\evangadi\\finalProjects\\amazon-clone\\functions\\node_modules\\firebase-admin\\lib\\index.js"}} {"metadata":{"emulator":{"name":"functions"},"function":{"name":"us-central1-api"},"extension":{},"message":"[runtime-status] [20244] firebase-admin has been stubbed. {\"adminResolution\":{\"declared\":true,\"installed\":true,\"version\":\"10.3.0\",\"resolution\":\"C:\\\\Users\\\\abeba\\\\OneDrive\\\\Desktop\\\\evangadi\\\\finalProjects\\\\amazon-clone\\\\functions\\\\node_modules\\\\firebase-admin\\\\lib\\\\index.js\"}}"}}
[debug] [2022-07-14T23:09:23.750Z] [runtime-status] [20904] Checked functions.config() {"config":{}} {"metadata":{"emulator":{"name":"functions"},"function":{"name":"us-central1-api"},"extension":{},"message":"[runtime-status] [20904] Checked functions.config() {\"config\":{}}"}}
[debug] [2022-07-14T23:09:23.750Z] [runtime-status] [20904] firebase-functions has been stubbed. {"functionsResolution":{"declared":true,"installed":true,"version":"3.22.0","resolution":"C:\\Users\\abeba\\OneDrive\\Desktop\\evangadi\\finalProjects\\amazon-clone\\functions\\node_modules\\firebase-functions\\lib\\index.js"}} {"metadata":{"emulator":{"name":"functions"},"function":{"name":"us-central1-api"},"extension":{},"message":"[runtime-status] [20904] firebase-functions has been stubbed. {\"functionsResolution\":{\"declared\":true,\"installed\":true,\"version\":\"3.22.0\",\"resolution\":\"C:\\\\Users\\\\abeba\\\\OneDrive\\\\Desktop\\\\evangadi\\\\finalProjects\\\\amazon-clone\\\\functions\\\\node_modules\\\\firebase-functions\\\\lib\\\\index.js\"}}"}}
[debug] [2022-07-14T23:09:23.752Z] [runtime-status] [20904] Resolved module firebase-functions {"declared":true,"installed":true,"version":"3.22.0","resolution":"C:\\Users\\abeba\\OneDrive\\Desktop\\evangadi\\finalProjects\\amazon-clone\\functions\\node_modules\\firebase-functions\\lib\\index.js"} {"metadata":{"emulator":{"name":"functions"},"function":{"name":"us-central1-api"},"extension":{},"message":"[runtime-status] [20904] Resolved module firebase-functions {\"declared\":true,\"installed\":true,\"version\":\"3.22.0\",\"resolution\":\"C:\\\\Users\\\\abeba\\\\OneDrive\\\\Desktop\\\\evangadi\\\\finalProjects\\\\amazon-clone\\\\functions\\\\node_modules\\\\firebase-functions\\\\lib\\\\index.js\"}"}}
[debug] [2022-07-14T23:09:23.753Z] [runtime-status] [20904] Resolved module firebase-admin {"declared":true,"installed":true,"version":"10.3.0","resolution":"C:\\Users\\abeba\\OneDrive\\Desktop\\evangadi\\finalProjects\\amazon-clone\\functions\\node_modules\\firebase-admin\\lib\\index.js"} {"metadata":{"emulator":{"name":"functions"},"function":{"name":"us-central1-api"},"extension":{},"message":"[runtime-status] [20904] Resolved module firebase-admin {\"declared\":true,\"installed\":true,\"version\":\"10.3.0\",\"resolution\":\"C:\\\\Users\\\\abeba\\\\OneDrive\\\\Desktop\\\\evangadi\\\\finalProjects\\\\amazon-clone\\\\functions\\\\node_modules\\\\firebase-admin\\\\lib\\\\index.js\"}"}}
[debug] [2022-07-14T23:09:23.754Z] [runtime-status] [20904] Resolved module firebase-functions {"declared":true,"installed":true,"version":"3.22.0","resolution":"C:\\Users\\abeba\\OneDrive\\Desktop\\evangadi\\finalProjects\\amazon-clone\\functions\\node_modules\\firebase-functions\\lib\\index.js"} {"metadata":{"emulator":{"name":"functions"},"function":{"name":"us-central1-api"},"extension":{},"message":"[runtime-status] [20904] Resolved module firebase-functions {\"declared\":true,\"installed\":true,\"version\":\"3.22.0\",\"resolution\":\"C:\\\\Users\\\\abeba\\\\OneDrive\\\\Desktop\\\\evangadi\\\\finalProjects\\\\amazon-clone\\\\functions\\\\node_modules\\\\firebase-functions\\\\lib\\\\index.js\"}"}}
[debug] [2022-07-14T23:09:23.754Z] [runtime-status] [20904] firebase-admin has been stubbed. {"adminResolution":{"declared":true,"installed":true,"version":"10.3.0","resolution":"C:\\Users\\abeba\\OneDrive\\Desktop\\evangadi\\finalProjects\\amazon-clone\\functions\\node_modules\\firebase-admin\\lib\\index.js"}} {"metadata":{"emulator":{"name":"functions"},"function":{"name":"us-central1-api"},"extension":{},"message":"[runtime-status] [20904] firebase-admin has been stubbed. {\"adminResolution\":{\"declared\":true,\"installed\":true,\"version\":\"10.3.0\",\"resolution\":\"C:\\\\Users\\\\abeba\\\\OneDrive\\\\Desktop\\\\evangadi\\\\finalProjects\\\\amazon-clone\\\\functions\\\\node_modules\\\\firebase-admin\\\\lib\\\\index.js\"}}"}}
[debug] [2022-07-14T23:09:24.003Z] [runtime-status] [20244] Beginning invocation function api! {"metadata":{"emulator":{"name":"functions"},"function":{"name":"us-central1-api"},"extension":{},"message":"[runtime-status] [20244] Beginning invocation function api!"}}
[info] i  functions: Beginning execution of "api" {"metadata":{"emulator":{"name":"functions"},"function":{"name":"us-central1-api"},"extension":{},"message":"Beginning execution of \"api\""}}
[debug] [2022-07-14T23:09:24.005Z] [runtime-status] [20244] Running api in signature http {"metadata":{"emulator":{"name":"functions"},"function":{"name":"us-central1-api"},"extension":{},"message":"[runtime-status] [20244] Running api in signature http"}}
[debug] [2022-07-14T23:09:24.010Z] [runtime-status] [20244] Attempting to listen to port: \\?\pipe\fire_emu_c8a1c860f61a6e8a {"metadata":{"emulator":{"name":"functions"},"function":{"name":"us-central1-api"},"extension":{},"message":"[runtime-status] [20244] Attempting to listen to port: \\\\?\\pipe\\fire_emu_c8a1c860f61a6e8a"}}
[debug] [2022-07-14T23:09:24.013Z] [runtime-status] [20244] Listening to port: \\?\pipe\fire_emu_c8a1c860f61a6e8a {"metadata":{"emulator":{"name":"functions"},"function":{"name":"us-central1-api"},"extension":{},"message":"[runtime-status] [20244] Listening to port: \\\\?\\pipe\\fire_emu_c8a1c860f61a6e8a"}}
[debug] [2022-07-14T23:09:24.017Z] [functions] Runtime ready! Sending request! {"metadata":{"emulator":{"name":"functions"},"message":"[functions] Runtime ready! Sending request!"}}
[debug] [2022-07-14T23:09:24.019Z] [functions] Got req.url=/clone-cdf20/us-central1/api/payments/create?total=139900, mapping to path=/payments/create?total=139900 {"metadata":{"emulator":{"name":"functions"},"message":"[functions] Got req.url=/clone-cdf20/us-central1/api/payments/create?total=139900, mapping to path=/payments/create?total=139900"}}
[debug] [2022-07-14T23:09:24.033Z] [runtime-status] [20904] Beginning invocation function api! {"metadata":{"emulator":{"name":"functions"},"function":{"name":"us-central1-api"},"extension":{},"message":"[runtime-status] [20904] Beginning invocation function api!"}}
[info] i  functions: Beginning execution of "api" {"metadata":{"emulator":{"name":"functions"},"function":{"name":"us-central1-api"},"extension":{},"message":"Beginning execution of \"api\""}}
[debug] [2022-07-14T23:09:24.035Z] [runtime-status] [20904] Running api in signature http {"metadata":{"emulator":{"name":"functions"},"function":{"name":"us-central1-api"},"extension":{},"message":"[runtime-status] [20904] Running api in signature http"}}
[debug] [2022-07-14T23:09:24.040Z] [runtime-status] [20904] Attempting to listen to port: \\?\pipe\fire_emu_770f4359cfb3b68d {"metadata":{"emulator":{"name":"functions"},"function":{"name":"us-central1-api"},"extension":{},"message":"[runtime-status] [20904] Attempting to listen to port: \\\\?\\pipe\\fire_emu_770f4359cfb3b68d"}}
[debug] [2022-07-14T23:09:24.043Z] [runtime-status] [20244] Ephemeral server handling POST request {"metadata":{"emulator":{"name":"functions"},"function":{"name":"us-central1-api"},"extension":{},"message":"[runtime-status] [20244] Ephemeral server handling POST request"}}
[debug] [2022-07-14T23:09:24.044Z] [runtime-status] [20904] Listening to port: \\?\pipe\fire_emu_770f4359cfb3b68d {"metadata":{"emulator":{"name":"functions"},"function":{"name":"us-central1-api"},"extension":{},"message":"[runtime-status] [20904] Listening to port: \\\\?\\pipe\\fire_emu_770f4359cfb3b68d"}}
[debug] [2022-07-14T23:09:24.047Z] [functions] Runtime ready! Sending request! {"metadata":{"emulator":{"name":"functions"},"message":"[functions] Runtime ready! Sending request!"}}
[debug] [2022-07-14T23:09:24.048Z] [functions] Got req.url=/clone-cdf20/us-central1/api/payments/create?total=139900, mapping to path=/payments/create?total=139900 {"metadata":{"emulator":{"name":"functions"},"message":"[functions] Got req.url=/clone-cdf20/us-central1/api/payments/create?total=139900, mapping to path=/payments/create?total=139900"}}
[info] >  Payment Request Recieved for this amount >>>  139900 {"user":"Payment Request Recieved for this amount >>>  139900","metadata":{"emulator":{"name":"functions"},"function":{"name":"us-central1-api"},"extension":{},"message":"\u001b[90m> \u001b[39m Payment Request Recieved for this amount >>>  139900"}}
[debug] [2022-07-14T23:09:24.064Z] [runtime-status] [20904] Ephemeral server handling POST request {"metadata":{"emulator":{"name":"functions"},"function":{"name":"us-central1-api"},"extension":{},"message":"[runtime-status] [20904] Ephemeral server handling POST request"}}
[info] >  Payment Request Recieved for this amount >>>  139900 {"user":"Payment Request Recieved for this amount >>>  139900","metadata":{"emulator":{"name":"functions"},"function":{"name":"us-central1-api"},"extension":{},"message":"\u001b[90m> \u001b[39m Payment Request Recieved for this amount >>>  139900"}}
[debug] [2022-07-14T23:09:24.093Z] [runtime-status] [20244] Ephemeral server survived. {"metadata":{"emulator":{"name":"functions"},"function":{"name":"us-central1-api"},"extension":{},"message":"[runtime-status] [20244] Ephemeral server survived."}}
[debug] [2022-07-14T23:09:24.100Z] [runtime-status] [20904] Ephemeral server survived. {"metadata":{"emulator":{"name":"functions"},"function":{"name":"us-central1-api"},"extension":{},"message":"[runtime-status] [20904] Ephemeral server survived."}}
[info] i  functions: Finished "api" in ~1s {"metadata":{"emulator":{"name":"functions"},"function":{"name":"us-central1-api"},"extension":{},"message":"Finished \"api\" in ~1s"}}
[debug] [2022-07-14T23:09:24.732Z] [worker-us-central1-api-d35e8c33-9097-41f6-86e0-59f652ee0879]: IDLE {"metadata":{"emulator":{"name":"functions"},"message":"[worker-us-central1-api-d35e8c33-9097-41f6-86e0-59f652ee0879]: IDLE"}}
[debug] [2022-07-14T23:09:24.732Z] [work-queue] {"queueLength":0,"workRunningCount":1}
[info] i  functions: Finished "api" in ~1s {"metadata":{"emulator":{"name":"functions"},"function":{"name":"us-central1-api"},"extension":{},"message":"Finished \"api\" in ~1s"}}
[debug] [2022-07-14T23:09:24.778Z] [worker-us-central1-api-041f0d8f-472b-43ba-b33d-d6fac713e0a8]: IDLE {"metadata":{"emulator":{"name":"functions"},"message":"[worker-us-central1-api-041f0d8f-472b-43ba-b33d-d6fac713e0a8]: IDLE"}}
[debug] [2022-07-14T23:09:24.779Z] [work-queue] {"queueLength":0,"workRunningCount":0}
